<?xml version="1.0" encoding="UTF-8"?>
<testsuite xmlns:xsi="http://www.w3.org/2001/XMLSchema-instance" xsi:noNamespaceSchemaLocation="https://maven.apache.org/surefire/maven-surefire-plugin/xsd/surefire-test-report.xsd" name="StepDefinitions.TestRunner" time="146.409" tests="7" errors="1" skipped="0" failures="0">
  <properties>
[...]
</properties>
  <testcase name="Login with valid credentials" classname="Regression Testing" time="4.924"/>
  <testcase name="Login with Otp" classname="Regression Testing" time="4.829"/>
  <testcase name="Login and Logout" classname="Regression Testing" time="7.98"/>
  <testcase name="Change Pswrd" classname="Regression Testing" time="11.473"/>
  <testcase name="Update Prfle" classname="Regression Testing" time="70.573"/>
  <testcase name="Update Grade 11" classname="Regression Testing" time="11.708"/>
  <testcase name="Mocktest" classname="Regression Testing" time="30.552">
    <error message="element click intercepted: Element &lt;button _ngcontent-kpy-c85=&quot;&quot; type=&quot;button&quot; class=&quot;assessment_pt-10 btn-block btn-link resend-otp&quot;&gt;...&lt;/button&gt; is not clickable at point (758, 431). Other element would receive the click: &lt;mat-dialog-content _ngcontent-kpy-c85=&quot;&quot; class=&quot;mat-dialog-content account-box&quot; style=&quot;overflow: hidden; scroll-behavior: unset;&quot;&gt;...&lt;/mat-dialog-content&gt;&#10;  (Session info: chrome=110.0.5481.105)&#10;Build info: version: &apos;4.8.0&apos;, revision: &apos;267030adea&apos;&#10;System info: os.name: &apos;Windows 11&apos;, os.arch: &apos;amd64&apos;, os.version: &apos;10.0&apos;, java.version: &apos;17.0.6&apos;&#10;Driver info: org.openqa.selenium.chrome.ChromeDriver&#10;Command: [d3cbd8d941b99fd0435b5c591860b352, clickElement {id=a9859334-1b6d-41f8-9d12-9bb1b7e08571}]&#10;Capabilities {acceptInsecureCerts: false, browserName: chrome, browserVersion: 110.0.5481.105, chrome: {chromedriverVersion: 109.0.5414.74 (e7c5703604da..., userDataDir: C:\Users\SmartGig\AppData\L...}, goog:chromeOptions: {debuggerAddress: localhost:63469}, networkConnectionEnabled: false, pageLoadStrategy: normal, platformName: WINDOWS, proxy: Proxy(), se:cdp: ws://localhost:63469/devtoo..., se:cdpVersion: 110.0.5481.105, setWindowRect: true, strictFileInteractability: false, timeouts: {implicit: 0, pageLoad: 300000, script: 30000}, unhandledPromptBehavior: dismiss and notify, webauthn:extension:credBlob: true, webauthn:extension:largeBlob: true, webauthn:virtualAuthenticators: true}&#10;Element: [[ChromeDriver: chrome on WINDOWS (d3cbd8d941b99fd0435b5c591860b352)] -&gt; xpath: //mat-dialog-container//button[text()=&apos;CLOSE&apos;]]&#10;Session ID: d3cbd8d941b99fd0435b5c591860b352" type="org.openqa.selenium.ElementClickInterceptedException"><![CDATA[org.openqa.selenium.ElementClickInterceptedException: 
element click intercepted: Element <button _ngcontent-kpy-c85="" type="button" class="assessment_pt-10 btn-block btn-link resend-otp">...</button> is not clickable at point (758, 431). Other element would receive the click: <mat-dialog-content _ngcontent-kpy-c85="" class="mat-dialog-content account-box" style="overflow: hidden; scroll-behavior: unset;">...</mat-dialog-content>
  (Session info: chrome=110.0.5481.105)
Build info: version: '4.8.0', revision: '267030adea'
System info: os.name: 'Windows 11', os.arch: 'amd64', os.version: '10.0', java.version: '17.0.6'
Driver info: org.openqa.selenium.chrome.ChromeDriver
Command: [d3cbd8d941b99fd0435b5c591860b352, clickElement {id=a9859334-1b6d-41f8-9d12-9bb1b7e08571}]
Capabilities {acceptInsecureCerts: false, browserName: chrome, browserVersion: 110.0.5481.105, chrome: {chromedriverVersion: 109.0.5414.74 (e7c5703604da..., userDataDir: C:\Users\SmartGig\AppData\L...}, goog:chromeOptions: {debuggerAddress: localhost:63469}, networkConnectionEnabled: false, pageLoadStrategy: normal, platformName: WINDOWS, proxy: Proxy(), se:cdp: ws://localhost:63469/devtoo..., se:cdpVersion: 110.0.5481.105, setWindowRect: true, strictFileInteractability: false, timeouts: {implicit: 0, pageLoad: 300000, script: 30000}, unhandledPromptBehavior: dismiss and notify, webauthn:extension:credBlob: true, webauthn:extension:largeBlob: true, webauthn:virtualAuthenticators: true}
Element: [[ChromeDriver: chrome on WINDOWS (d3cbd8d941b99fd0435b5c591860b352)] -> xpath: //mat-dialog-container//button[text()='CLOSE']]
Session ID: d3cbd8d941b99fd0435b5c591860b352
]]></error>
    <system-out><![CDATA[
@Sanity
Scenario: Mocktest                                                     # src/test/resources/Features/studentLogin.feature:129
  Given User in Student login page                                     # StepDefinitions.Login.user_launch_chrome_browser()
  And User enters Phnenmbr and Clk on login with Pswrd"9059759748"     # StepDefinitions.Login.user_Phonenumber_and_click_on_login_with_password(java.lang.String)
  And User enters Pswrd and Clk on loginbtn"Pass123"                   # StepDefinitions.Login.User_enters_Password_and_click_on_loginbtn(java.lang.String)
  Then User Navigate to dashboard and Clk on TestsBtn                  # StepDefinitions.Login.Click_on_Tests()
  Then Clk on Mcts Card and Clk on AttemptNow                          # StepDefinitions.Login.Clk_on_Mcts_Card_and_Clk_on_AttemptNow()
  Then User navigate to Test Taking Instructions and Clk on BeginTest  # StepDefinitions.Login.Click_on_Test_Taking_Instructions()
  Then Clk on SubmitBtn,FinishTstBtn,MediumBtn,FinalSubmitBtn,CloseBtn # StepDefinitions.Login.Click_on_SubmitBtn()
      org.openqa.selenium.ElementClickInterceptedException: element click intercepted: Element <button _ngcontent-kpy-c85="" type="button" class="assessment_pt-10 btn-block btn-link resend-otp">...</button> is not clickable at point (758, 431). Other element would receive the click: <mat-dialog-content _ngcontent-kpy-c85="" class="mat-dialog-content account-box" style="overflow: hidden; scroll-behavior: unset;">...</mat-dialog-content>
  (Session info: chrome=110.0.5481.105)
Build info: version: '4.8.0', revision: '267030adea'
System info: os.name: 'Windows 11', os.arch: 'amd64', os.version: '10.0', java.version: '17.0.6'
Driver info: org.openqa.selenium.chrome.ChromeDriver
Command: [d3cbd8d941b99fd0435b5c591860b352, clickElement {id=a9859334-1b6d-41f8-9d12-9bb1b7e08571}]
Capabilities {acceptInsecureCerts: false, browserName: chrome, browserVersion: 110.0.5481.105, chrome: {chromedriverVersion: 109.0.5414.74 (e7c5703604da..., userDataDir: C:\Users\SmartGig\AppData\L...}, goog:chromeOptions: {debuggerAddress: localhost:63469}, networkConnectionEnabled: false, pageLoadStrategy: normal, platformName: WINDOWS, proxy: Proxy(), se:cdp: ws://localhost:63469/devtoo..., se:cdpVersion: 110.0.5481.105, setWindowRect: true, strictFileInteractability: false, timeouts: {implicit: 0, pageLoad: 300000, script: 30000}, unhandledPromptBehavior: dismiss and notify, webauthn:extension:credBlob: true, webauthn:extension:largeBlob: true, webauthn:virtualAuthenticators: true}
Element: [[ChromeDriver: chrome on WINDOWS (d3cbd8d941b99fd0435b5c591860b352)] -> xpath: //mat-dialog-container//button[text()='CLOSE']]
Session ID: d3cbd8d941b99fd0435b5c591860b352
	at java.base/jdk.internal.reflect.NativeConstructorAccessorImpl.newInstance0(Native Method)
	at java.base/jdk.internal.reflect.NativeConstructorAccessorImpl.newInstance(NativeConstructorAccessorImpl.java:77)
	at java.base/jdk.internal.reflect.DelegatingConstructorAccessorImpl.newInstance(DelegatingConstructorAccessorImpl.java:45)
	at java.base/java.lang.reflect.Constructor.newInstanceWithCaller(Constructor.java:499)
	at java.base/java.lang.reflect.Constructor.newInstance(Constructor.java:480)
	at org.openqa.selenium.remote.codec.w3c.W3CHttpResponseCodec.createException(W3CHttpResponseCodec.java:200)
	at org.openqa.selenium.remote.codec.w3c.W3CHttpResponseCodec.decode(W3CHttpResponseCodec.java:133)
	at org.openqa.selenium.remote.codec.w3c.W3CHttpResponseCodec.decode(W3CHttpResponseCodec.java:53)
	at org.openqa.selenium.remote.HttpCommandExecutor.execute(HttpCommandExecutor.java:184)
	at org.openqa.selenium.remote.service.DriverCommandExecutor.invokeExecute(DriverCommandExecutor.java:167)
	at org.openqa.selenium.remote.service.DriverCommandExecutor.execute(DriverCommandExecutor.java:142)
	at org.openqa.selenium.remote.RemoteWebDriver.execute(RemoteWebDriver.java:543)
	at org.openqa.selenium.remote.RemoteWebElement.execute(RemoteWebElement.java:257)
	at org.openqa.selenium.remote.RemoteWebElement.click(RemoteWebElement.java:78)
	at jdk.internal.reflect.GeneratedMethodAccessor89.invoke(Unknown Source)
	at java.base/jdk.internal.reflect.DelegatingMethodAccessorImpl.invoke(DelegatingMethodAccessorImpl.java:43)
	at java.base/java.lang.reflect.Method.invoke(Method.java:568)
	at org.openqa.selenium.support.pagefactory.internal.LocatingElementHandler.invoke(LocatingElementHandler.java:52)
	at jdk.proxy2/jdk.proxy2.$Proxy26.click(Unknown Source)
	at PageObject.LoginPage.CloseBtn(LoginPage.java:732)
	at StepDefinitions.Login.Click_on_SubmitBtn(Login.java:456)
	at âœ½.Clk on SubmitBtn,FinishTstBtn,MediumBtn,FinalSubmitBtn,CloseBtn(file:///C:/Users/SmartGig/eclipse-workspace/BDD_IUF_UI_Testing/src/test/resources/Features/studentLogin.feature:136)

]]></system-out>
    <system-err><![CDATA[Starting ChromeDriver 109.0.5414.74 (e7c5703604daa9cc128ccf5a5d3e993513758913-refs/branch-heads/5414@{#1172}) on port 8656
Only local connections are allowed.
Please see https://chromedriver.chromium.org/security-considerations for suggestions on keeping ChromeDriver safe.
ChromeDriver was started successfully.
[1677410099.505][WARNING]: This version of ChromeDriver has not been tested with Chrome version 110.
Feb 26, 2023 4:44:59 PM org.openqa.selenium.devtools.CdpVersionFinder findNearestMatch
WARNING: Unable to find an exact match for CDP version 110, so returning the closest version found: 109
]]></system-err>
  </testcase>
</testsuite>